<?xml version="1.0" encoding="UTF-8" ?>
<testsuite tests="3" failures="0" name="sg.com.dbs.testRunner.TestRunner" time="48.017" errors="0" skipped="0">
  <properties>
[...]
</properties>
  <testcase classname="Validate the Awards &amp; Accolades page" name="Validate the total number of awards displayed is 22" time="15.332"/>
  <testcase classname="Validate the Awards &amp; Accolades page" name="Validate all the award name and caption of the awards mentioned in the below table" time="12.689"/>
  <testcase classname="Validate DBS Stronger Together Fund setup by DBS in various countries to support communities hard hit by Covid-19" name="Get the list of SG F&amp;B Businesses that provide meals via &apos;Feed the City&apos; programme funded by DBS" time="19.996"/>
</testsuite>